<?xml version="1.0" encoding="UTF-8"?>
<!-- Generated by org.testng.reporters.JUnitReportReporter -->
<testsuite hostname="DESKTOP-H9PUO2B" failures="0" tests="1" name="runners.Run" time="43.703" errors="0" timestamp="2022-05-26T04:46:56 WEST" skipped="0">
  <testcase classname="runners.Run" name="runScenario" time="43.703"/>
  <system-out/>
</testsuite> <!-- runners.Run -->
